%!Adobe-FontList 1.22
%Locale:0x409

%BeginFont
Handler:DirectoryHandler
FontType:Invalid
OutlineFileName:/Users/julienmoreau/code/kascen/mbs/00_DESIGN/Document fonts/AdobeFnt22.lst
FileLength:1207
FileModTime:632234030
%EndFont

%BeginFont
Handler:DirectoryHandler
FontType:TrueType
FontName:DancingScript-Regular
FamilyName:Dancing Script
StyleName:Regular
MenuName:Dancing Script
StyleBits:0
WeightClass:400
WidthClass:5
AngleClass:0
FullName:Dancing Script Regular
WritingScript:Roman
OutlineFileName:/Users/julienmoreau/code/kascen/mbs/00_DESIGN/Document fonts/DancingScript-Regular.ttf
DataFormat:sfntData
hasSVG:no
VariableFontType:NonVariableFont
FileLength:80028
FileModTime:632234030
NameArray:0,Win,1,Dancing Script
%EndFont

%BeginFont
Handler:DirectoryHandler
FontType:TrueType
FontName:DancingScript-SemiBold
FamilyName:Dancing Script
StyleName:SemiBold
MenuName:Dancing Script SemiBold
StyleBits:0
WeightClass:600
WidthClass:5
AngleClass:0
FullName:Dancing Script SemiBold
WritingScript:Roman
OutlineFileName:/Users/julienmoreau/code/kascen/mbs/00_DESIGN/Document fonts/DancingScript-SemiBold.ttf
DataFormat:sfntData
hasSVG:no
VariableFontType:NonVariableFont
FileLength:80380
FileModTime:632234030
NameArray:0,Win,1,Dancing Script SemiBold
NameArray:0,Win,16,Dancing Script
%EndFont

